---------------------------------------------------------------

[2021-08-03T04:39:26+08:00] 127.0.0.1 GET tp51.com/
[运行时间：0.088393s] [吞吐率：11.31req/s] [内存消耗：3,165.17kb] [文件加载：71]
[ info ] [ LANG ] D:\phpstudy_pro\WWW\tp51\thinkphp\lang\zh-cn.php
[ info ] [ LANG ] D:\phpstudy_pro\WWW\tp51\application\lang\zh-cn.php
[ info ] [ ROUTE ] array (
)
[ info ] [ HEADER ] array (
  'accept-language' => 'zh-CN,zh;q=0.9,en-US;q=0.8,en;q=0.7,tr;q=0.6,zh-TW;q=0.5,ja;q=0.4',
  'accept-encoding' => 'gzip, deflate',
  'accept' => 'text/html,application/xhtml+xml,application/xml;q=0.9,image/avif,image/webp,image/apng,*/*;q=0.8,application/signed-exchange;v=b3;q=0.9',
  'user-agent' => 'Mozilla/5.0 (Windows NT 10.0; WOW64) AppleWebKit/537.36 (KHTML, like Gecko) Chrome/86.0.4240.198 Safari/537.36',
  'upgrade-insecure-requests' => '1',
  'connection' => 'keep-alive',
  'host' => 'tp51.com',
  'content-length' => '',
  'content-type' => '',
)
[ info ] [ PARAM ] array (
)
[ info ] [ DB ] INIT mysql
[ info ] [ DB ] INIT mysql
[ info ] [ VIEW ] D:\phpstudy_pro\WWW\tp51\application\index\view\index\index.html [ array (
  0 => 'web_title',
  1 => 'web_tplpath',
  2 => 'login',
  3 => 'groupon',
  4 => 'slider',
  5 => 'username',
  6 => 'list_type',
  7 => '',
) ]
[ sql ] [ DB ] CONNECT:[ UseTime:0.002155s ] mysql:host=127.0.0.1;dbname=tpdemo;charset=utf8
[ sql ] [ SQL ] SHOW COLUMNS FROM `hx_groupon` [ RunTime:0.005585s ]
[ sql ] [ SQL ] SELECT * FROM `hx_groupon` [ RunTime:0.000369s ]
[ sql ] [ DB ] CONNECT:[ UseTime:0.010521s ] mysql:host=127.0.0.1;dbname=tpdemo;charset=utf8
[ sql ] [ SQL ] SHOW COLUMNS FROM `hx_slider` [ RunTime:0.004866s ]
[ sql ] [ SQL ] SELECT * FROM `hx_slider` [ RunTime:0.000347s ]
---------------------------------------------------------------

[2021-08-03T06:33:27+08:00] 127.0.0.1 GET tp51.com/index/index/turntable.html
[运行时间：0.044785s] [吞吐率：22.33req/s] [内存消耗：1,873.89kb] [文件加载：68]
[ info ] [ LANG ] D:\phpstudy_pro\WWW\tp51\thinkphp\lang\zh-cn.php
[ info ] [ LANG ] D:\phpstudy_pro\WWW\tp51\application\lang\zh-cn.php
[ info ] [ ROUTE ] array (
)
[ info ] [ HEADER ] array (
  'accept-language' => 'zh-CN,zh;q=0.9,en-US;q=0.8,en;q=0.7,tr;q=0.6,zh-TW;q=0.5,ja;q=0.4',
  'accept-encoding' => 'gzip, deflate',
  'referer' => 'http://tp51.com/',
  'accept' => 'text/html,application/xhtml+xml,application/xml;q=0.9,image/avif,image/webp,image/apng,*/*;q=0.8,application/signed-exchange;v=b3;q=0.9',
  'user-agent' => 'Mozilla/5.0 (Linux; Android 6.0; Nexus 5 Build/MRA58N) AppleWebKit/537.36 (KHTML, like Gecko) Chrome/86.0.4240.198 Mobile Safari/537.36',
  'upgrade-insecure-requests' => '1',
  'cache-control' => 'no-cache',
  'pragma' => 'no-cache',
  'connection' => 'keep-alive',
  'host' => 'tp51.com',
  'content-length' => '',
  'content-type' => '',
)
[ info ] [ PARAM ] array (
)
[ info ] [ VIEW ] D:\phpstudy_pro\WWW\tp51\application\index\view\index\activity\turntable.html [ array (
) ]
[ error ] [8]未定义变量: web_title[D:\phpstudy_pro\WWW\tp51\runtime\temp\82da95f1b8379ff01556618dad093a14.php:7]
---------------------------------------------------------------

[2021-08-03T06:33:29+08:00] 127.0.0.1 GET tp51.com/
[运行时间：0.056920s] [吞吐率：17.57req/s] [内存消耗：3,165.56kb] [文件加载：71]
[ info ] [ LANG ] D:\phpstudy_pro\WWW\tp51\thinkphp\lang\zh-cn.php
[ info ] [ LANG ] D:\phpstudy_pro\WWW\tp51\application\lang\zh-cn.php
[ info ] [ ROUTE ] array (
)
[ info ] [ HEADER ] array (
  'accept-language' => 'zh-CN,zh;q=0.9,en-US;q=0.8,en;q=0.7,tr;q=0.6,zh-TW;q=0.5,ja;q=0.4',
  'accept-encoding' => 'gzip, deflate',
  'accept' => 'text/html,application/xhtml+xml,application/xml;q=0.9,image/avif,image/webp,image/apng,*/*;q=0.8,application/signed-exchange;v=b3;q=0.9',
  'user-agent' => 'Mozilla/5.0 (Linux; Android 6.0; Nexus 5 Build/MRA58N) AppleWebKit/537.36 (KHTML, like Gecko) Chrome/86.0.4240.198 Mobile Safari/537.36',
  'upgrade-insecure-requests' => '1',
  'cache-control' => 'no-cache',
  'pragma' => 'no-cache',
  'connection' => 'keep-alive',
  'host' => 'tp51.com',
  'content-length' => '',
  'content-type' => '',
)
[ info ] [ PARAM ] array (
)
[ info ] [ DB ] INIT mysql
[ info ] [ DB ] INIT mysql
[ info ] [ VIEW ] D:\phpstudy_pro\WWW\tp51\application\index\view\index\index.html [ array (
  0 => 'web_title',
  1 => 'web_tplpath',
  2 => 'login',
  3 => 'groupon',
  4 => 'slider',
  5 => 'username',
  6 => 'list_type',
  7 => '',
) ]
[ sql ] [ DB ] CONNECT:[ UseTime:0.001696s ] mysql:host=127.0.0.1;dbname=tpdemo;charset=utf8
[ sql ] [ SQL ] SHOW COLUMNS FROM `hx_groupon` [ RunTime:0.003120s ]
[ sql ] [ SQL ] SELECT * FROM `hx_groupon` [ RunTime:0.000489s ]
[ sql ] [ DB ] CONNECT:[ UseTime:0.011205s ] mysql:host=127.0.0.1;dbname=tpdemo;charset=utf8
[ sql ] [ SQL ] SHOW COLUMNS FROM `hx_slider` [ RunTime:0.001036s ]
[ sql ] [ SQL ] SELECT * FROM `hx_slider` [ RunTime:0.000369s ]
---------------------------------------------------------------

[2021-08-03T06:33:31+08:00] 127.0.0.1 GET tp51.com/index/index/index.html
[运行时间：0.081964s] [吞吐率：12.20req/s] [内存消耗：3,166.54kb] [文件加载：71]
[ info ] [ LANG ] D:\phpstudy_pro\WWW\tp51\thinkphp\lang\zh-cn.php
[ info ] [ LANG ] D:\phpstudy_pro\WWW\tp51\application\lang\zh-cn.php
[ info ] [ ROUTE ] array (
)
[ info ] [ HEADER ] array (
  'accept-language' => 'zh-CN,zh;q=0.9,en-US;q=0.8,en;q=0.7,tr;q=0.6,zh-TW;q=0.5,ja;q=0.4',
  'accept-encoding' => 'gzip, deflate',
  'referer' => 'http://tp51.com/',
  'accept' => 'text/html,application/xhtml+xml,application/xml;q=0.9,image/avif,image/webp,image/apng,*/*;q=0.8,application/signed-exchange;v=b3;q=0.9',
  'user-agent' => 'Mozilla/5.0 (Linux; Android 6.0; Nexus 5 Build/MRA58N) AppleWebKit/537.36 (KHTML, like Gecko) Chrome/86.0.4240.198 Mobile Safari/537.36',
  'upgrade-insecure-requests' => '1',
  'cache-control' => 'no-cache',
  'pragma' => 'no-cache',
  'connection' => 'keep-alive',
  'host' => 'tp51.com',
  'content-length' => '',
  'content-type' => '',
)
[ info ] [ PARAM ] array (
)
[ info ] [ DB ] INIT mysql
[ info ] [ DB ] INIT mysql
[ info ] [ VIEW ] D:\phpstudy_pro\WWW\tp51\application\index\view\index\index.html [ array (
  0 => 'web_title',
  1 => 'web_tplpath',
  2 => 'login',
  3 => 'groupon',
  4 => 'slider',
  5 => 'username',
  6 => 'list_type',
  7 => '',
) ]
[ sql ] [ DB ] CONNECT:[ UseTime:0.010867s ] mysql:host=127.0.0.1;dbname=tpdemo;charset=utf8
[ sql ] [ SQL ] SHOW COLUMNS FROM `hx_groupon` [ RunTime:0.002441s ]
[ sql ] [ SQL ] SELECT * FROM `hx_groupon` [ RunTime:0.000403s ]
[ sql ] [ DB ] CONNECT:[ UseTime:0.010838s ] mysql:host=127.0.0.1;dbname=tpdemo;charset=utf8
[ sql ] [ SQL ] SHOW COLUMNS FROM `hx_slider` [ RunTime:0.000991s ]
[ sql ] [ SQL ] SELECT * FROM `hx_slider` [ RunTime:0.000326s ]
