---------------------------------------------------------------

[2021-08-14T04:53:31+08:00] 127.0.0.1 GET tp51.com/
[运行时间：0.096631s] [吞吐率：10.35req/s] [内存消耗：3,165.16kb] [文件加载：71]
[ info ] [ LANG ] D:\phpstudy_pro\WWW\tp51\thinkphp\lang\zh-cn.php
[ info ] [ LANG ] D:\phpstudy_pro\WWW\tp51\application\lang\zh-cn.php
[ info ] [ ROUTE ] array (
)
[ info ] [ HEADER ] array (
  'accept-language' => 'zh-CN,zh;q=0.9,en-US;q=0.8,en;q=0.7,tr;q=0.6,zh-TW;q=0.5,ja;q=0.4',
  'accept-encoding' => 'gzip, deflate',
  'accept' => 'text/html,application/xhtml+xml,application/xml;q=0.9,image/avif,image/webp,image/apng,*/*;q=0.8,application/signed-exchange;v=b3;q=0.9',
  'user-agent' => 'Mozilla/5.0 (Windows NT 10.0; WOW64) AppleWebKit/537.36 (KHTML, like Gecko) Chrome/86.0.4240.198 Safari/537.36',
  'upgrade-insecure-requests' => '1',
  'connection' => 'keep-alive',
  'host' => 'tp51.com',
  'content-length' => '',
  'content-type' => '',
)
[ info ] [ PARAM ] array (
)
[ info ] [ DB ] INIT mysql
[ info ] [ DB ] INIT mysql
[ info ] [ VIEW ] D:\phpstudy_pro\WWW\tp51\application\index\view\index\index.html [ array (
  0 => 'web_title',
  1 => 'web_tplpath',
  2 => 'login',
  3 => 'groupon',
  4 => 'slider',
  5 => 'username',
  6 => 'list_type',
  7 => '',
) ]
[ sql ] [ DB ] CONNECT:[ UseTime:0.007932s ] mysql:host=127.0.0.1;dbname=tpdemo;charset=utf8
[ sql ] [ SQL ] SHOW COLUMNS FROM `hx_groupon` [ RunTime:0.015957s ]
[ sql ] [ SQL ] SELECT * FROM `hx_groupon` [ RunTime:0.001742s ]
[ sql ] [ DB ] CONNECT:[ UseTime:0.001206s ] mysql:host=127.0.0.1;dbname=tpdemo;charset=utf8
[ sql ] [ SQL ] SHOW COLUMNS FROM `hx_slider` [ RunTime:0.001769s ]
[ sql ] [ SQL ] SELECT * FROM `hx_slider` [ RunTime:0.000261s ]
---------------------------------------------------------------

[2021-08-14T04:53:36+08:00] 127.0.0.1 GET tp51.com/
[运行时间：0.047465s] [吞吐率：21.07req/s] [内存消耗：3,165.59kb] [文件加载：71]
[ info ] [ LANG ] D:\phpstudy_pro\WWW\tp51\thinkphp\lang\zh-cn.php
[ info ] [ LANG ] D:\phpstudy_pro\WWW\tp51\application\lang\zh-cn.php
[ info ] [ ROUTE ] array (
)
[ info ] [ HEADER ] array (
  'accept-language' => 'zh-CN,zh;q=0.9,en-US;q=0.8,en;q=0.7,tr;q=0.6,zh-TW;q=0.5,ja;q=0.4',
  'accept-encoding' => 'gzip, deflate',
  'accept' => 'text/html,application/xhtml+xml,application/xml;q=0.9,image/avif,image/webp,image/apng,*/*;q=0.8,application/signed-exchange;v=b3;q=0.9',
  'user-agent' => 'Mozilla/5.0 (iPhone; CPU iPhone OS 13_2_3 like Mac OS X) AppleWebKit/605.1.15 (KHTML, like Gecko) Version/13.0.3 Mobile/15E148 Safari/604.1',
  'upgrade-insecure-requests' => '1',
  'cache-control' => 'no-cache',
  'pragma' => 'no-cache',
  'connection' => 'keep-alive',
  'host' => 'tp51.com',
  'content-length' => '',
  'content-type' => '',
)
[ info ] [ PARAM ] array (
)
[ info ] [ DB ] INIT mysql
[ info ] [ DB ] INIT mysql
[ info ] [ VIEW ] D:\phpstudy_pro\WWW\tp51\application\index\view\index\index.html [ array (
  0 => 'web_title',
  1 => 'web_tplpath',
  2 => 'login',
  3 => 'groupon',
  4 => 'slider',
  5 => 'username',
  6 => 'list_type',
  7 => '',
) ]
[ sql ] [ DB ] CONNECT:[ UseTime:0.001099s ] mysql:host=127.0.0.1;dbname=tpdemo;charset=utf8
[ sql ] [ SQL ] SHOW COLUMNS FROM `hx_groupon` [ RunTime:0.002528s ]
[ sql ] [ SQL ] SELECT * FROM `hx_groupon` [ RunTime:0.000387s ]
[ sql ] [ DB ] CONNECT:[ UseTime:0.000979s ] mysql:host=127.0.0.1;dbname=tpdemo;charset=utf8
[ sql ] [ SQL ] SHOW COLUMNS FROM `hx_slider` [ RunTime:0.000912s ]
[ sql ] [ SQL ] SELECT * FROM `hx_slider` [ RunTime:0.000320s ]
---------------------------------------------------------------

[2021-08-14T04:54:49+08:00] 127.0.0.1 GET tp51.com/index/wallet/card_publish.html
[运行时间：0.028790s] [吞吐率：34.73req/s] [内存消耗：1,766.62kb] [文件加载：62]
[ info ] [ LANG ] D:\phpstudy_pro\WWW\tp51\thinkphp\lang\zh-cn.php
[ info ] [ LANG ] D:\phpstudy_pro\WWW\tp51\application\lang\zh-cn.php
[ info ] [ ROUTE ] array (
)
[ info ] [ HEADER ] array (
  'accept-language' => 'zh-CN,zh;q=0.9,en-US;q=0.8,en;q=0.7,tr;q=0.6,zh-TW;q=0.5,ja;q=0.4',
  'accept-encoding' => 'gzip, deflate',
  'referer' => 'http://tp51.com/',
  'accept' => 'text/html,application/xhtml+xml,application/xml;q=0.9,image/avif,image/webp,image/apng,*/*;q=0.8,application/signed-exchange;v=b3;q=0.9',
  'user-agent' => 'Mozilla/5.0 (iPhone; CPU iPhone OS 13_2_3 like Mac OS X) AppleWebKit/605.1.15 (KHTML, like Gecko) Version/13.0.3 Mobile/15E148 Safari/604.1',
  'upgrade-insecure-requests' => '1',
  'cache-control' => 'no-cache',
  'pragma' => 'no-cache',
  'connection' => 'keep-alive',
  'host' => 'tp51.com',
  'content-length' => '',
  'content-type' => '',
)
[ info ] [ PARAM ] array (
)
---------------------------------------------------------------

[2021-08-14T04:54:52+08:00] 127.0.0.1 GET tp51.com/
[运行时间：0.063469s] [吞吐率：15.76req/s] [内存消耗：3,165.59kb] [文件加载：71]
[ info ] [ LANG ] D:\phpstudy_pro\WWW\tp51\thinkphp\lang\zh-cn.php
[ info ] [ LANG ] D:\phpstudy_pro\WWW\tp51\application\lang\zh-cn.php
[ info ] [ ROUTE ] array (
)
[ info ] [ HEADER ] array (
  'accept-language' => 'zh-CN,zh;q=0.9,en-US;q=0.8,en;q=0.7,tr;q=0.6,zh-TW;q=0.5,ja;q=0.4',
  'accept-encoding' => 'gzip, deflate',
  'accept' => 'text/html,application/xhtml+xml,application/xml;q=0.9,image/avif,image/webp,image/apng,*/*;q=0.8,application/signed-exchange;v=b3;q=0.9',
  'user-agent' => 'Mozilla/5.0 (iPhone; CPU iPhone OS 13_2_3 like Mac OS X) AppleWebKit/605.1.15 (KHTML, like Gecko) Version/13.0.3 Mobile/15E148 Safari/604.1',
  'upgrade-insecure-requests' => '1',
  'cache-control' => 'no-cache',
  'pragma' => 'no-cache',
  'connection' => 'keep-alive',
  'host' => 'tp51.com',
  'content-length' => '',
  'content-type' => '',
)
[ info ] [ PARAM ] array (
)
[ info ] [ DB ] INIT mysql
[ info ] [ DB ] INIT mysql
[ info ] [ VIEW ] D:\phpstudy_pro\WWW\tp51\application\index\view\index\index.html [ array (
  0 => 'web_title',
  1 => 'web_tplpath',
  2 => 'login',
  3 => 'groupon',
  4 => 'slider',
  5 => 'username',
  6 => 'list_type',
  7 => '',
) ]
[ sql ] [ DB ] CONNECT:[ UseTime:0.010396s ] mysql:host=127.0.0.1;dbname=tpdemo;charset=utf8
[ sql ] [ SQL ] SHOW COLUMNS FROM `hx_groupon` [ RunTime:0.002593s ]
[ sql ] [ SQL ] SELECT * FROM `hx_groupon` [ RunTime:0.000443s ]
[ sql ] [ DB ] CONNECT:[ UseTime:0.010641s ] mysql:host=127.0.0.1;dbname=tpdemo;charset=utf8
[ sql ] [ SQL ] SHOW COLUMNS FROM `hx_slider` [ RunTime:0.001021s ]
[ sql ] [ SQL ] SELECT * FROM `hx_slider` [ RunTime:0.000316s ]
---------------------------------------------------------------

[2021-08-14T05:26:49+08:00] 127.0.0.1 GET tp51.com/
[运行时间：0.070724s] [吞吐率：14.14req/s] [内存消耗：3,165.59kb] [文件加载：71]
[ info ] [ LANG ] D:\phpstudy_pro\WWW\tp51\thinkphp\lang\zh-cn.php
[ info ] [ LANG ] D:\phpstudy_pro\WWW\tp51\application\lang\zh-cn.php
[ info ] [ ROUTE ] array (
)
[ info ] [ HEADER ] array (
  'accept-language' => 'zh-CN,zh;q=0.9,en-US;q=0.8,en;q=0.7,tr;q=0.6,zh-TW;q=0.5,ja;q=0.4',
  'accept-encoding' => 'gzip, deflate',
  'accept' => 'text/html,application/xhtml+xml,application/xml;q=0.9,image/avif,image/webp,image/apng,*/*;q=0.8,application/signed-exchange;v=b3;q=0.9',
  'user-agent' => 'Mozilla/5.0 (iPhone; CPU iPhone OS 13_2_3 like Mac OS X) AppleWebKit/605.1.15 (KHTML, like Gecko) Version/13.0.3 Mobile/15E148 Safari/604.1',
  'upgrade-insecure-requests' => '1',
  'cache-control' => 'no-cache',
  'pragma' => 'no-cache',
  'connection' => 'keep-alive',
  'host' => 'tp51.com',
  'content-length' => '',
  'content-type' => '',
)
[ info ] [ PARAM ] array (
)
[ info ] [ DB ] INIT mysql
[ info ] [ DB ] INIT mysql
[ info ] [ VIEW ] D:\phpstudy_pro\WWW\tp51\application\index\view\index\index.html [ array (
  0 => 'web_title',
  1 => 'web_tplpath',
  2 => 'login',
  3 => 'groupon',
  4 => 'slider',
  5 => 'username',
  6 => 'list_type',
  7 => '',
) ]
[ sql ] [ DB ] CONNECT:[ UseTime:0.010939s ] mysql:host=127.0.0.1;dbname=tpdemo;charset=utf8
[ sql ] [ SQL ] SHOW COLUMNS FROM `hx_groupon` [ RunTime:0.002980s ]
[ sql ] [ SQL ] SELECT * FROM `hx_groupon` [ RunTime:0.000472s ]
[ sql ] [ DB ] CONNECT:[ UseTime:0.011017s ] mysql:host=127.0.0.1;dbname=tpdemo;charset=utf8
[ sql ] [ SQL ] SHOW COLUMNS FROM `hx_slider` [ RunTime:0.001014s ]
[ sql ] [ SQL ] SELECT * FROM `hx_slider` [ RunTime:0.000323s ]
